[2023-11-24 09:32:43] local.INFO: LogEvent:  https://viblo.asia/p/bien-ung-dung-laravel-cua-ban-tro-nen-phuc-tap-hon-voi-grpc-gGJ59GMpZX2
[2023-11-24 09:36:20] local.INFO: LogEvent:  https://viblo.asia/p/laravel-tim-hieu-ve-query-builder-phan-1-bJzKm0wD59N
[2023-11-24 09:51:21] local.INFO: LogEvent:  https://viblo.asia/p/su-dung-php-generators-trong-cai-thien-hieu-nang-cua-ung-dung-web-MLzGObXxvpq
[2023-11-24 09:52:39] local.INFO: LogEvent:  https://viblo.asia/p/nhan-dien-khuon-mat-trong-ung-dung-laravel-su-dung-google-cloud-vision-api-4dbZN3RnlYM
[2023-11-24 10:27:21] local.INFO: LogEvent:  https://viblo.asia/p/trinh-duyet-web-render-noi-dung-nhu-the-nao-ZnbRlD7NR2Xo
[2023-11-27 15:51:53] local.INFO: LogEvent:  https://soha.vn/lang-gieng-viet-nam-don-dao-vi-du-an-khung-dinh-hinh-kinh-te-dna-trung-quoc-van-chua-de-vao-mat-xanh-20231127164425984.htm
[2023-11-30 10:56:00] local.INFO: LogEvent:  https://toidicode.com/generators-trong-php-co-gi-dac-biet-124.html
[2023-12-04 14:15:04] local.INFO: LogEvent:  https://viblo.asia/p/tich-hop-firebase-realtime-database-vao-laravel-Qbq5Qp6wlD8
[2023-12-05 15:05:29] local.INFO: LogEvent:  https://viblo.asia/p/usedispatch-useselector-va-nguoi-anh-connect-trong-redux-gGJ59QWj5X2
[2023-12-09 17:26:57] local.INFO: LogEvent:  https://tuoitre.vn/ngam-cha-va-chan-nau-te-te-tri-sao-quy-hiem-o-viet-nam-qua-bay-anh-20231209182053116.htm
[2023-12-09 17:29:18] local.INFO: LogEvent:  https://tuoitre.vn/anh-treo-cay-lung-den-quy-hiem-gianh-giai-nhat-chim-hoang-da-viet-nam-2023-20231014165252764.htm
[2023-12-09 17:30:44] local.INFO: LogEvent:  https://tuoitre.vn/cho-ngam-khoanh-khac-hiem-co-cua-chim-hoang-da-viet-nam-2023072815590921.htm
[2023-12-18 06:36:20] local.INFO: LogEvent:  https://viblo.asia/p/types-va-interface-trong-typescript-V3m5WQNbZO7
[2023-12-18 06:38:10] local.INFO: LogEvent:  https://viblo.asia/p/su-dung-debounce-trong-reactjs-voi-hooks-3Q75wQmGZWb
[2023-12-18 06:54:49] local.INFO: LogEvent:  https://viblo.asia/p/generics-trong-typescript-WR5JRmOz4Gv
[2023-12-18 15:56:04] local.INFO: LogEvent:  https://viblo.asia/p/seeder-va-model-factory-trong-laravel-vyDZOx6Plwj
[2023-12-25 14:59:47] local.INFO: LogEvent:  https://soha.vn/top-5-con-giap-duoc-du-doan-thinh-vuong-nhat-trong-nam-2024-198231225162726316.htm  
[2023-12-25 15:09:07] local.INFO: LogEvent:  https://soha.vn/dien-thoai-cao-cap-galaxy-s24-ultra-bi-ro-ri-thong-tin-tu-nha-may-198231225174502209.htm  
[2023-12-25 15:15:48] local.INFO: LogEvent:  https://soha.vn/tran-chien-kinh-hoang-nhat-tai-coi-xay-thit-bakhmut-giong-canh-tuong-trong-the-chien-thu-nhat-nguyen-do-den-tu-mot-thu-198231225104255973.htm  
[2023-12-25 15:25:32] local.INFO: LogEvent:  https://soha.vn/nga-nam-the-chu-dong-ukraine-tinh-tuyen-them-quan-nhung-lo-thieu-vu-khi-198231225071257878rf198231225104255973.htm  
